<?xml version="1.0" encoding="UTF-8"?>
<testng-results skipped="5" failed="0" total="5" passed="0">
  <reporter-output>
  </reporter-output>
  <suite name="Default suite" duration-ms="116" started-at="2020-12-21T11:26:20Z" finished-at="2020-12-21T11:26:20Z">
    <groups>
    </groups>
    <test name="Default test" duration-ms="116" started-at="2020-12-21T11:26:20Z" finished-at="2020-12-21T11:26:20Z">
      <class name="mmt_testNG.mmt_testNG">
        <test-method status="FAIL" signature="browser()[pri:0, instance:mmt_testNG.mmt_testNG@77caeb3e]" name="browser" is-config="true" duration-ms="0" started-at="2020-12-21T16:56:20Z" finished-at="2020-12-21T16:56:20Z">
          <exception class="java.lang.IllegalStateException">
            <message>
              <![CDATA[The driver executable does not exist: D:\Capgemini\Module 4\Driver download\chromedriver.exe]]>
            </message>
            <full-stacktrace>
              <![CDATA[java.lang.IllegalStateException: The driver executable does not exist: D:\Capgemini\Module 4\Driver download\chromedriver.exe
	at com.google.common.base.Preconditions.checkState(Preconditions.java:585)
	at org.openqa.selenium.remote.service.DriverService.checkExecutable(DriverService.java:146)
	at org.openqa.selenium.remote.service.DriverService.findExecutable(DriverService.java:141)
	at org.openqa.selenium.chrome.ChromeDriverService.access$000(ChromeDriverService.java:35)
	at org.openqa.selenium.chrome.ChromeDriverService$Builder.findDefaultExecutable(ChromeDriverService.java:159)
	at org.openqa.selenium.remote.service.DriverService$Builder.build(DriverService.java:355)
	at org.openqa.selenium.chrome.ChromeDriverService.createDefaultService(ChromeDriverService.java:94)
	at org.openqa.selenium.chrome.ChromeDriver.<init>(ChromeDriver.java:157)
	at mmt_testNG.mmt_testNG.browser(mmt_testNG.java:32)
	at sun.reflect.NativeMethodAccessorImpl.invoke0(Native Method)
	at sun.reflect.NativeMethodAccessorImpl.invoke(NativeMethodAccessorImpl.java:62)
	at sun.reflect.DelegatingMethodAccessorImpl.invoke(DelegatingMethodAccessorImpl.java:43)
	at java.lang.reflect.Method.invoke(Method.java:498)
	at org.testng.internal.MethodInvocationHelper.invokeMethod(MethodInvocationHelper.java:100)
	at org.testng.internal.Invoker.invokeConfigurationMethod(Invoker.java:515)
	at org.testng.internal.Invoker.invokeConfigurations(Invoker.java:216)
	at org.testng.internal.Invoker.invokeConfigurations(Invoker.java:143)
	at org.testng.TestRunner.beforeRun(TestRunner.java:631)
	at org.testng.TestRunner.run(TestRunner.java:599)
	at org.testng.SuiteRunner.runTest(SuiteRunner.java:368)
	at org.testng.SuiteRunner.runSequentially(SuiteRunner.java:363)
	at org.testng.SuiteRunner.privateRun(SuiteRunner.java:321)
	at org.testng.SuiteRunner.run(SuiteRunner.java:270)
	at org.testng.SuiteRunnerWorker.runSuite(SuiteRunnerWorker.java:52)
	at org.testng.SuiteRunnerWorker.run(SuiteRunnerWorker.java:86)
	at org.testng.TestNG.runSuitesSequentially(TestNG.java:1284)
	at org.testng.TestNG.runSuitesLocally(TestNG.java:1209)
	at org.testng.TestNG.runSuites(TestNG.java:1124)
	at org.testng.TestNG.run(TestNG.java:1096)
	at org.testng.remote.AbstractRemoteTestNG.run(AbstractRemoteTestNG.java:132)
	at org.testng.remote.RemoteTestNG.initAndRun(RemoteTestNG.java:236)
	at org.testng.remote.RemoteTestNG.main(RemoteTestNG.java:81)
]]>
            </full-stacktrace>
          </exception> <!-- java.lang.IllegalStateException -->
          <reporter-output>
          </reporter-output>
        </test-method> <!-- browser -->
        <test-method status="SKIP" signature="alogin()[pri:0, instance:mmt_testNG.mmt_testNG@77caeb3e]" name="alogin" duration-ms="1" started-at="2020-12-21T16:56:20Z" finished-at="2020-12-21T16:56:20Z">
          <reporter-output>
          </reporter-output>
        </test-method> <!-- alogin -->
        <test-method status="SKIP" signature="bsearch()[pri:0, instance:mmt_testNG.mmt_testNG@77caeb3e]" name="bsearch" duration-ms="2" started-at="2020-12-21T16:56:20Z" finished-at="2020-12-21T16:56:20Z">
          <reporter-output>
          </reporter-output>
        </test-method> <!-- bsearch -->
        <test-method status="SKIP" signature="cfilter()[pri:0, instance:mmt_testNG.mmt_testNG@77caeb3e]" name="cfilter" duration-ms="1" started-at="2020-12-21T16:56:20Z" finished-at="2020-12-21T16:56:20Z">
          <reporter-output>
          </reporter-output>
        </test-method> <!-- cfilter -->
        <test-method status="SKIP" signature="dinsure()[pri:0, instance:mmt_testNG.mmt_testNG@77caeb3e]" name="dinsure" duration-ms="1" started-at="2020-12-21T16:56:20Z" finished-at="2020-12-21T16:56:20Z">
          <reporter-output>
          </reporter-output>
        </test-method> <!-- dinsure -->
        <test-method status="SKIP" signature="eaddadult()[pri:0, instance:mmt_testNG.mmt_testNG@77caeb3e]" name="eaddadult" duration-ms="1" started-at="2020-12-21T16:56:20Z" finished-at="2020-12-21T16:56:20Z">
          <reporter-output>
          </reporter-output>
        </test-method> <!-- eaddadult -->
      </class> <!-- mmt_testNG.mmt_testNG -->
    </test> <!-- Default test -->
  </suite> <!-- Default suite -->
</testng-results>
